<?xml version="1.0" encoding="UTF-8"?>
<testsuite name="com.bridgelabz.cabinvoice.InvoiceServiceTest" tests="1" skipped="0" failures="0" errors="0" timestamp="2020-10-24T05:04:55" hostname="MAYURFCB" time="0.004">
  <properties/>
  <testcase name="givenMultipleRide_ShouldReturnTotalFare" classname="com.bridgelabz.cabinvoice.InvoiceServiceTest" time="0.004"/>
  <system-out><![CDATA[]]></system-out>
  <system-err><![CDATA[]]></system-err>
</testsuite>
